120113106 total bases in 425933 reads from 6 samples will be used for learning the error rates.
Initializing error rates to maximum possible estimate.
selfConsist step 1 ......
   selfConsist step 2
   selfConsist step 3
   selfConsist step 4
   selfConsist step 5
   selfConsist step 6
   selfConsist step 7
Convergence after  7  rounds.
102707852 total bases in 484471 reads from 7 samples will be used for learning the error rates.
Initializing error rates to maximum possible estimate.
selfConsist step 1 .......
   selfConsist step 2
   selfConsist step 3
   selfConsist step 4
   selfConsist step 5
   selfConsist step 6
   selfConsist step 7
Convergence after  7  rounds.
