106394749 total bases in 378629 reads from 5 samples will be used for learning the error rates.
Initializing error rates to maximum possible estimate.
selfConsist step 1 .....
   selfConsist step 2
   selfConsist step 3
   selfConsist step 4
   selfConsist step 5
Convergence after  5  rounds.
109942390 total bases in 460010 reads from 6 samples will be used for learning the error rates.
Initializing error rates to maximum possible estimate.
selfConsist step 1 ......
   selfConsist step 2
   selfConsist step 3
   selfConsist step 4
   selfConsist step 5
   selfConsist step 6
   selfConsist step 7
   selfConsist step 8
   selfConsist step 9
Convergence after  9  rounds.
